ISim log file
Running: /home/peraxor/MEGAsync/27-7/VHDL/BPmin/pre_traitement_block/New Folder/insertion_sort/pre_traitement_block_isim_beh.exe -intstyle ise -gui -tclbatch isim.cmd -wdb /home/peraxor/MEGAsync/27-7/VHDL/BPmin/pre_traitement_block/New Folder/insertion_sort/pre_traitement_block_isim_beh.wdb 
ISim P.40xd (signature 0xfbc00daa)
This is a Full version of ISim.
Time resolution is 1 ps
# onerror resume
# wave add /
# run 1000 ns
Simulator is doing circuit initialization process.
Finished circuit initialization process.
# isim force add /pre_traitement_block/clock 1 -radix bin -value 0 -radix bin -time 500 ps -repeat 1 ns
# isim force add /pre_traitement_block/clear 1 -radix bin
# run 0.001us
# isim force add /pre_traitement_block/load 1 -radix bin
# isim force add /pre_traitement_block/clear 0 -radix bin
# isim force add /pre_traitement_block/new_info 000111 -radix bin
# isim force add /pre_traitement_block/new_pos 000 -radix bin
# run 0.001us
# isim force add /pre_traitement_block/new_info 000100 -radix bin
# isim force add /pre_traitement_block/new_pos 001 -radix bin
# run 0.001us
# isim force add /pre_traitement_block/new_info 000101 -radix bin
# isim force add /pre_traitement_block/new_pos 010 -radix bin
# run 0.001us
# isim force add /pre_traitement_block/new_info 000001 -radix bin
# isim force add /pre_traitement_block/new_pos 011 -radix bin
# run 0.001us
# isim force add /pre_traitement_block/new_info 000100 -radix bin
# isim force add /pre_traitement_block/new_pos 100 -radix bin
# run 0.001us
# isim force add /pre_traitement_block/new_info 000010 -radix bin
# isim force add /pre_traitement_block/new_pos 101 -radix bin
# run 0.001us
# isim force add /pre_traitement_block/new_info 011111 -radix bin
# isim force add /pre_traitement_block/new_pos 111 -radix bin
# run 0.001us
# isim force add /pre_traitement_block/load 0 -radix bin
# run 0.001us
