ISim log file
Running: /home/peraxor/MEGAsync/27-7/VHDL/BPmin/blockminimum/minimum_with_13_comparators/minimum_13comp_isim_beh.exe -intstyle ise -gui -tclbatch isim.cmd -wdb /home/peraxor/MEGAsync/27-7/VHDL/BPmin/blockminimum/minimum_with_13_comparators/minimum_13comp_isim_beh.wdb 
ISim P.40xd (signature 0xfbc00daa)
This is a Full version of ISim.
Time resolution is 1 ps
# onerror resume
# wave add /
# run 1000 ns
Simulator is doing circuit initialization process.
Finished circuit initialization process.
# isim force add /minimum_13comp/r0 000111 -radix bin
# isim force add /minimum_13comp/r1 000100 -radix bin
# isim force add /minimum_13comp/r2 000110 -radix bin
# isim force add /minimum_13comp/r3 000100 -radix bin
# isim force add /minimum_13comp/r4 000101 -radix bin
# isim force add /minimum_13comp/r5 000010 -radix bin
# isim force add /minimum_13comp/r6 001001 -radix bin
# isim force add /minimum_13comp/r7 000001 -radix bin
# isim force add /minimum_13comp/clk 1 -radix bin -value 0 -radix bin -time 500 ps -repeat 1 ns
# isim force add /minimum_13comp/en_reg 1 -radix bin
# run 0.001us
# run 0.001us
# exit 0
