Release 14.3 - xst P.40xd (lin64)
Copyright (c) 1995-2012 Xilinx, Inc.  All rights reserved.
--> 
Parameter TMPDIR set to xst/projnav.tmp


Total REAL time to Xst completion: 0.00 secs
Total CPU time to Xst completion: 0.06 secs
 
--> 
Parameter xsthdpdir set to xst


Total REAL time to Xst completion: 0.00 secs
Total CPU time to Xst completion: 0.06 secs
 
--> 
Reading design: minimum_13comp.prj

TABLE OF CONTENTS
  1) Synthesis Options Summary
  2) HDL Parsing
  3) HDL Elaboration
  4) HDL Synthesis
       4.1) HDL Synthesis Report
  5) Advanced HDL Synthesis
       5.1) Advanced HDL Synthesis Report
  6) Low Level Synthesis
  7) Partition Report
  8) Design Summary
       8.1) Primitive and Black Box Usage
       8.2) Device utilization summary
       8.3) Partition Resource Summary
       8.4) Timing Report
            8.4.1) Clock Information
            8.4.2) Asynchronous Control Signals Information
            8.4.3) Timing Summary
            8.4.4) Timing Details
            8.4.5) Cross Clock Domains Report


=========================================================================
*                      Synthesis Options Summary                        *
=========================================================================
---- Source Parameters
Input File Name                    : "minimum_13comp.prj"
Ignore Synthesis Constraint File   : NO

---- Target Parameters
Output File Name                   : "minimum_13comp"
Output Format                      : NGC
Target Device                      : xc6vlx240t-1-ff1156

---- Source Options
Top Module Name                    : minimum_13comp
Automatic FSM Extraction           : YES
FSM Encoding Algorithm             : Auto
Safe Implementation                : No
FSM Style                          : LUT
RAM Extraction                     : Yes
RAM Style                          : Auto
ROM Extraction                     : Yes
Shift Register Extraction          : YES
ROM Style                          : Auto
Resource Sharing                   : YES
Asynchronous To Synchronous        : NO
Shift Register Minimum Size        : 2
Use DSP Block                      : Auto
Automatic Register Balancing       : No

---- Target Options
LUT Combining                      : Auto
Reduce Control Sets                : Auto
Add IO Buffers                     : YES
Global Maximum Fanout              : 100000
Add Generic Clock Buffer(BUFG)     : 32
Register Duplication               : YES
Optimize Instantiated Primitives   : NO
Use Clock Enable                   : Auto
Use Synchronous Set                : Auto
Use Synchronous Reset              : Auto
Pack IO Registers into IOBs        : Auto
Equivalent register Removal        : YES

---- General Options
Optimization Goal                  : Speed
Optimization Effort                : 1
Power Reduction                    : NO
Keep Hierarchy                     : No
Netlist Hierarchy                  : As_Optimized
RTL Output                         : Yes
Global Optimization                : AllClockNets
Read Cores                         : YES
Write Timing Constraints           : NO
Cross Clock Analysis               : NO
Hierarchy Separator                : /
Bus Delimiter                      : <>
Case Specifier                     : Maintain
Slice Utilization Ratio            : 100
BRAM Utilization Ratio             : 100
DSP48 Utilization Ratio            : 100
Auto BRAM Packing                  : NO
Slice Utilization Ratio Delta      : 5

=========================================================================


=========================================================================
*                          HDL Parsing                                  *
=========================================================================
Parsing VHDL file "/home/peraxor/MEGAsync/27-7/VHDL/BPmin/blockminimum/minimum_with_13_comparators/my_types_pkg.vhd" into library work
Parsing package <my_types_pkg>.
Parsing package body <my_types_pkg>.
Parsing VHDL file "/home/peraxor/MEGAsync/27-7/VHDL/BPmin/blockminimum/minimum_with_13_comparators/registerN.vhd" into library work
Parsing entity <registerN>.
Parsing architecture <Behavioral> of entity <registern>.
Parsing VHDL file "/home/peraxor/MEGAsync/27-7/VHDL/BPmin/blockminimum/minimum_with_13_comparators/register3bit.vhd" into library work
Parsing entity <register3bit>.
Parsing architecture <Behavioral> of entity <register3bit>.
Parsing VHDL file "/home/peraxor/MEGAsync/27-7/VHDL/BPmin/blockminimum/minimum_with_13_comparators/comparator_min_only.vhd" into library work
Parsing entity <comparator_min_only>.
Parsing architecture <comp> of entity <comparator_min_only>.
Parsing VHDL file "/home/peraxor/MEGAsync/27-7/VHDL/BPmin/blockminimum/minimum_with_13_comparators/comparator.vhd" into library work
Parsing entity <Comparator>.
Parsing architecture <comp> of entity <comparator>.
Parsing VHDL file "/home/peraxor/MEGAsync/27-7/VHDL/BPmin/blockminimum/minimum_with_13_comparators/minimum_13comp.vhd" into library work
Parsing entity <minimum_13comp>.
Parsing architecture <Behavioral> of entity <minimum_13comp>.

=========================================================================
*                            HDL Elaboration                            *
=========================================================================

Elaborating entity <minimum_13comp> (architecture <Behavioral>) from library <work>.

Elaborating entity <registerN> (architecture <Behavioral>) from library <work>.

Elaborating entity <Comparator> (architecture <comp>) from library <work>.

Elaborating entity <comparator_min_only> (architecture <comp>) from library <work>.

Elaborating entity <register3bit> (architecture <Behavioral>) from library <work>.

=========================================================================
*                           HDL Synthesis                               *
=========================================================================

Synthesizing Unit <minimum_13comp>.
    Related source file is "/home/peraxor/MEGAsync/27-7/VHDL/BPmin/blockminimum/minimum_with_13_comparators/minimum_13comp.vhd".
    Summary:
	no macro.
Unit <minimum_13comp> synthesized.

Synthesizing Unit <registerN>.
    Related source file is "/home/peraxor/MEGAsync/27-7/VHDL/BPmin/blockminimum/minimum_with_13_comparators/registerN.vhd".
    Found 6-bit register for signal <q>.
    Summary:
	inferred   6 D-type flip-flop(s).
Unit <registerN> synthesized.

Synthesizing Unit <Comparator>.
    Related source file is "/home/peraxor/MEGAsync/27-7/VHDL/BPmin/blockminimum/minimum_with_13_comparators/comparator.vhd".
    Found 6-bit comparator greater for signal <LLR1[5]_LLR2[5]_LessThan_1_o> created at line 27
    Summary:
	inferred   1 Comparator(s).
	inferred   4 Multiplexer(s).
Unit <Comparator> synthesized.

Synthesizing Unit <comparator_min_only>.
    Related source file is "/home/peraxor/MEGAsync/27-7/VHDL/BPmin/blockminimum/minimum_with_13_comparators/comparator_min_only.vhd".
    Found 6-bit comparator greater for signal <LLR1[5]_LLR2[5]_LessThan_1_o> created at line 25
    Summary:
	inferred   1 Comparator(s).
	inferred   2 Multiplexer(s).
Unit <comparator_min_only> synthesized.

Synthesizing Unit <register3bit>.
    Related source file is "/home/peraxor/MEGAsync/27-7/VHDL/BPmin/blockminimum/minimum_with_13_comparators/register3bit.vhd".
    Found 3-bit register for signal <q>.
    Summary:
	inferred   3 D-type flip-flop(s).
Unit <register3bit> synthesized.

=========================================================================
HDL Synthesis Report

Macro Statistics
# Registers                                            : 14
 3-bit register                                        : 3
 6-bit register                                        : 11
# Comparators                                          : 13
 6-bit comparator greater                              : 13
# Multiplexers                                         : 42
 3-bit 2-to-1 multiplexer                              : 21
 6-bit 2-to-1 multiplexer                              : 21

=========================================================================

=========================================================================
*                       Advanced HDL Synthesis                          *
=========================================================================


=========================================================================
Advanced HDL Synthesis Report

Macro Statistics
# Registers                                            : 75
 Flip-Flops                                            : 75
# Comparators                                          : 13
 6-bit comparator greater                              : 13
# Multiplexers                                         : 42
 3-bit 2-to-1 multiplexer                              : 21
 6-bit 2-to-1 multiplexer                              : 21

=========================================================================

=========================================================================
*                         Low Level Synthesis                           *
=========================================================================
WARNING:Xst:1710 - FF/Latch <re4/q_2> (without init value) has a constant value of 0 in block <minimum_13comp>. This FF/Latch will be trimmed during the optimization process.

Optimizing unit <minimum_13comp> ...

Mapping all equations...
Building and optimizing final netlist ...
Found area constraint ratio of 100 (+ 5) on block minimum_13comp, actual ratio is 0.
FlipFlop rein0/q_5 has been replicated 1 time(s)
INFO:Xst:1843 - HDL ADVISOR - FlipFlop rein0/q_5 connected to a primary input has been replicated

Final Macro Processing ...

=========================================================================
Final Register Report

Macro Statistics
# Registers                                            : 75
 Flip-Flops                                            : 75

=========================================================================

=========================================================================
*                           Partition Report                            *
=========================================================================

Partition Implementation Status
-------------------------------

  No Partitions were found in this design.

-------------------------------

=========================================================================
*                            Design Summary                             *
=========================================================================

Top Level Output File Name         : minimum_13comp.ngc

Primitive and Black Box Usage:
------------------------------
# BELS                             : 256
#      GND                         : 1
#      LUT2                        : 4
#      LUT3                        : 31
#      LUT4                        : 40
#      LUT5                        : 107
#      LUT6                        : 70
#      MUXF7                       : 2
#      VCC                         : 1
# FlipFlops/Latches                : 75
#      FDRE                        : 75
# Clock Buffers                    : 1
#      BUFGP                       : 1
# IO Buffers                       : 77
#      IBUF                        : 50
#      OBUF                        : 27

Device utilization summary:
---------------------------

Selected Device : 6vlx240tff1156-1 


Slice Logic Utilization: 
 Number of Slice Registers:              74  out of  301440     0%  
 Number of Slice LUTs:                  252  out of  150720     0%  
    Number used as Logic:               252  out of  150720     0%  

Slice Logic Distribution: 
 Number of LUT Flip Flop pairs used:    301
   Number with an unused Flip Flop:     227  out of    301    75%  
   Number with an unused LUT:            49  out of    301    16%  
   Number of fully used LUT-FF pairs:    25  out of    301     8%  
   Number of unique control sets:         1

IO Utilization: 
 Number of IOs:                          78
 Number of bonded IOBs:                  78  out of    600    13%  
    IOB Flip Flops/Latches:               1

Specific Feature Utilization:
 Number of BUFG/BUFGCTRLs:                1  out of     32     3%  

---------------------------
Partition Resource Summary:
---------------------------

  No Partitions were found in this design.

---------------------------


=========================================================================
Timing Report

NOTE: THESE TIMING NUMBERS ARE ONLY A SYNTHESIS ESTIMATE.
      FOR ACCURATE TIMING INFORMATION PLEASE REFER TO THE TRACE REPORT
      GENERATED AFTER PLACE-and-ROUTE.

Clock Information:
------------------
-----------------------------------+------------------------+-------+
Clock Signal                       | Clock buffer(FF name)  | Load  |
-----------------------------------+------------------------+-------+
clk                                | BUFGP                  | 75    |
-----------------------------------+------------------------+-------+

Asynchronous Control Signals Information:
----------------------------------------
No asynchronous control signals found in this design

Timing Summary:
---------------
Speed Grade: -1

   Minimum period: 8.175ns (Maximum Frequency: 122.324MHz)
   Minimum input arrival time before clock: 0.998ns
   Maximum output required time after clock: 0.777ns
   Maximum combinational path delay: No path found

Timing Details:
---------------
All values displayed in nanoseconds (ns)

=========================================================================
Timing constraint: Default period analysis for Clock 'clk'
  Clock period: 8.175ns (frequency: 122.324MHz)
  Total number of paths / destination ports: 8414386 / 25
-------------------------------------------------------------------------
Delay:               8.175ns (Levels of Logic = 12)
  Source:            rein5/q_4 (FF)
  Destination:       re3/q_3 (FF)
  Source Clock:      clk rising
  Destination Clock: clk rising

  Data Path: rein5/q_4 to re3/q_3
                                Gate     Net
    Cell:in->out      fanout   Delay   Delay  Logical Name (Net Name)
    ----------------------------------------  ------------
     FDRE:C->Q             9   0.375   0.691  rein5/q_4 (rein5/q_4)
     LUT4:I0->O            2   0.068   0.587  c2/LLR1[5]_LLR2[5]_LessThan_1_o15_SW2 (N37)
     LUT5:I2->O           13   0.068   0.497  c2/LLR1[5]_LLR2[5]_LessThan_1_o15 (c2/LLR1[5]_LLR2[5]_LessThan_1_o)
     LUT6:I5->O           12   0.068   0.653  c4/LLR1[5]_LLR2[5]_LessThan_1_o24 (c4/LLR1[5]_LLR2[5]_LessThan_1_o23)
     LUT5:I2->O            2   0.068   0.497  c4/Mmux_maxi11 (max5<0>)
     LUT6:I4->O            5   0.068   0.518  c8/LLR1[5]_LLR2[5]_LessThan_1_o13 (c8/LLR1[5]_LLR2[5]_LessThan_1_o12)
     LUT5:I3->O            3   0.068   0.792  c8/Mmux_mium11 (min6<0>)
     LUT6:I0->O            8   0.068   0.463  c10/LLR1[5]_LLR2[5]_LessThan_1_o33 (c10/LLR1[5]_LLR2[5]_LessThan_1_o32)
     LUT5:I4->O            3   0.068   0.505  c10/Mmux_mium51 (min2_2<4>)
     LUT6:I4->O           13   0.068   0.497  c12/LLR1[5]_LLR2[5]_LessThan_1_o14 (c12/LLR1[5]_LLR2[5]_LessThan_1_o13)
     LUT5:I4->O            3   0.068   0.652  c12/Mmux_maxi51 (max9<4>)
     LUT6:I2->O            7   0.068   0.621  c13/LLR1[5]_LLR2[5]_LessThan_1_o12 (c13/LLR1[5]_LLR2[5]_LessThan_1_o11)
     LUT3:I0->O            1   0.068   0.000  minposi3<2>_inv1 (minposi3<2>)
     FDRE:D                    0.011          re6/q_2
    ----------------------------------------
    Total                      8.175ns (1.202ns logic, 6.973ns route)
                                       (14.7% logic, 85.3% route)

=========================================================================
Timing constraint: Default OFFSET IN BEFORE for Clock 'clk'
  Total number of paths / destination ports: 199 / 199
-------------------------------------------------------------------------
Offset:              0.998ns (Levels of Logic = 1)
  Source:            clr (PAD)
  Destination:       re3/q_5 (FF)
  Destination Clock: clk rising

  Data Path: clr to re3/q_5
                                Gate     Net
    Cell:in->out      fanout   Delay   Delay  Logical Name (Net Name)
    ----------------------------------------  ------------
     IBUF:I->O            75   0.003   0.561  clr_IBUF (clr_IBUF)
     FDRE:R                    0.434          re3/q_0
    ----------------------------------------
    Total                      0.998ns (0.437ns logic, 0.561ns route)
                                       (43.8% logic, 56.2% route)

=========================================================================
Timing constraint: Default OFFSET OUT AFTER for Clock 'clk'
  Total number of paths / destination ports: 26 / 26
-------------------------------------------------------------------------
Offset:              0.777ns (Levels of Logic = 1)
  Source:            re1/q_5 (FF)
  Destination:       min_1<5> (PAD)
  Source Clock:      clk rising

  Data Path: re1/q_5 to min_1<5>
                                Gate     Net
    Cell:in->out      fanout   Delay   Delay  Logical Name (Net Name)
    ----------------------------------------  ------------
     FDRE:C->Q             1   0.375   0.399  re1/q_5 (re1/q_5)
     OBUF:I->O                 0.003          min_1_5_OBUF (min_1<5>)
    ----------------------------------------
    Total                      0.777ns (0.378ns logic, 0.399ns route)
                                       (48.6% logic, 51.4% route)

=========================================================================

Cross Clock Domains Report:
--------------------------

Clock to Setup on destination clock clk
---------------+---------+---------+---------+---------+
               | Src:Rise| Src:Fall| Src:Rise| Src:Fall|
Source Clock   |Dest:Rise|Dest:Rise|Dest:Fall|Dest:Fall|
---------------+---------+---------+---------+---------+
clk            |    8.175|         |         |         |
---------------+---------+---------+---------+---------+

=========================================================================


Total REAL time to Xst completion: 10.00 secs
Total CPU time to Xst completion: 10.38 secs
 
--> 


Total memory usage is 411440 kilobytes

Number of errors   :    0 (   0 filtered)
Number of warnings :    1 (   0 filtered)
Number of infos    :    1 (   0 filtered)

